2024-10-26 15:42:35,574 - ERROR - Error: player1 hand is ineligible to pon.
2024-10-26 15:42:35,578 - ERROR - Error: player1 hand is ineligible to pon.
2024-10-26 15:57:49,874 - DEBUG - Count: {count}
2024-10-26 15:57:49,875 - DEBUG - Count: {count}
2024-10-26 15:57:49,876 - DEBUG - Count: {count}
2024-10-26 15:57:49,876 - DEBUG - Count: {count}
2024-10-26 15:57:49,877 - DEBUG - Count: {count}
2024-10-26 15:57:49,877 - DEBUG - Count: {count}
2024-10-26 15:58:14,440 - DEBUG - Count: 2
2024-10-26 15:58:14,440 - DEBUG - Count: 2
2024-10-26 15:58:14,442 - DEBUG - Count: 1
2024-10-26 15:58:14,442 - DEBUG - Count: 2
2024-10-26 15:58:14,443 - DEBUG - Count: 2
2024-10-26 15:58:14,443 - DEBUG - Count: 2
2024-10-26 15:58:47,572 - DEBUG - Count: 2
2024-10-26 15:58:47,572 - DEBUG - Count: 2
2024-10-26 15:58:47,574 - DEBUG - Count: 1
2024-10-26 15:58:47,574 - DEBUG - Count: 2
2024-10-26 15:58:47,575 - DEBUG - Count: 2
2024-10-26 15:58:47,575 - DEBUG - Count: 2
2024-10-26 15:59:43,599 - DEBUG - Count: 2
2024-10-26 15:59:43,599 - DEBUG - Count: 2
2024-10-26 15:59:43,601 - DEBUG - Count: 1
2024-10-26 15:59:43,602 - DEBUG - Count: 2
2024-10-26 15:59:43,602 - DEBUG - Count: 2
2024-10-26 15:59:43,603 - DEBUG - Count: 2
2024-10-26 15:59:58,007 - DEBUG - Count: 0
2024-10-26 15:59:58,007 - DEBUG - Count: 0
2024-10-26 15:59:58,008 - ERROR - Error: player1 hand is ineligible to pon.
2024-10-26 15:59:58,009 - DEBUG - Count: 1
2024-10-26 15:59:58,009 - DEBUG - Count: 2
2024-10-26 15:59:58,010 - DEBUG - Count: 2
2024-10-26 15:59:58,011 - DEBUG - Count: 2
2024-10-26 16:00:21,332 - DEBUG - Count: 0
2024-10-26 16:00:21,332 - ERROR - Error: player1 hand is ineligible to pon.
2024-10-26 16:00:21,334 - DEBUG - Count: 1
2024-10-26 16:00:21,334 - DEBUG - Count: 2
2024-10-26 16:00:21,335 - DEBUG - Count: 2
2024-10-26 16:00:31,097 - DEBUG - Count: 0
2024-10-26 16:00:31,097 - ERROR - Error: player1 hand is ineligible to pon.
2024-10-26 16:00:31,098 - DEBUG - Count: 1
2024-10-26 16:00:31,099 - DEBUG - Count: 2
2024-10-26 16:00:31,099 - DEBUG - Count: 2
2024-10-26 16:01:10,977 - DEBUG - Count: 0
2024-10-26 16:01:10,977 - ERROR - Error: player1 hand is ineligible to pon.
2024-10-26 16:01:10,978 - DEBUG - Count: 1
2024-10-26 16:01:10,978 - DEBUG - Count: 2
2024-10-26 16:01:10,979 - DEBUG - Count: 2
2024-10-26 16:01:24,967 - DEBUG - Count: 0
2024-10-26 16:01:24,967 - ERROR - Error: player1 hand is ineligible to pon.
2024-10-26 16:01:24,968 - DEBUG - Count: 1
2024-10-26 16:01:24,969 - DEBUG - Count: 2
2024-10-26 16:01:24,969 - DEBUG - Count: 2
2024-10-26 16:04:34,339 - ERROR - Error: player1 hand is ineligible to pon.
2024-10-26 16:04:45,064 - ERROR - Error: player1 hand is ineligible to pon.
2024-10-26 16:05:58,882 - ERROR - Error: player1 hand is ineligible to pon.
2024-10-26 16:06:32,386 - ERROR - Error: player1 hand is ineligible to pon.
2024-10-26 16:17:59,183 - ERROR - Error: player1 hand is ineligible to pon.
2024-10-26 16:20:21,937 - ERROR - Error: player1 hand is ineligible to pon.
2024-10-26 16:20:37,067 - ERROR - Error: player1 hand is ineligible to pon.
2024-10-26 16:20:57,655 - ERROR - Error: player1 hand is ineligible to pon.
2024-10-26 16:24:27,047 - ERROR - Error: player1 hand is ineligible to pon.
2024-10-26 16:24:53,874 - ERROR - Error: player1 hand is ineligible to pon.
2024-10-26 16:46:58,888 - ERROR - Error: player1 hand is ineligible to pon.
2024-10-26 16:48:00,510 - ERROR - Error: player1 hand is ineligible to pon.
2024-10-26 16:48:48,440 - ERROR - Error: player1 hand is ineligible to gon.
2024-10-26 16:48:48,441 - ERROR - Error: player1 hand is ineligible to pon.
2024-10-26 16:58:36,629 - ERROR - Error: player1 hand is ineligible to gon.
2024-10-26 16:58:36,629 - ERROR - Error: player1 hand is ineligible to pon.
2024-10-26 16:58:40,996 - ERROR - Error: player1 hand is ineligible to gon.
2024-10-26 16:58:40,997 - ERROR - Error: player1 hand is ineligible to pon.
2024-10-26 16:59:07,145 - ERROR - Error: player1 hand is ineligible to gon.
2024-10-26 16:59:07,146 - ERROR - Error: player1 hand is ineligible to pon.
2024-10-26 16:59:49,951 - ERROR - Error: player1 hand is ineligible to gon.
2024-10-26 16:59:49,952 - ERROR - Error: player1 hand is ineligible to pon.
2024-10-26 17:00:05,051 - ERROR - Error: player1 hand is ineligible to gon.
2024-10-26 17:00:05,052 - ERROR - Error: player1 hand is ineligible to pon.
2024-10-26 17:00:09,868 - ERROR - Error: player1 hand is ineligible to gon.
2024-10-26 17:00:09,869 - ERROR - Error: player1 hand is ineligible to pon.
2024-10-26 17:00:17,230 - ERROR - Error: player1 hand is ineligible to gon.
2024-10-26 17:00:17,231 - ERROR - Error: player1 hand is ineligible to pon.
2024-10-26 17:00:36,919 - ERROR - Error: player1 hand is ineligible to gon.
2024-10-26 17:00:36,920 - ERROR - Error: player1 hand is ineligible to pon.
2024-10-26 17:01:50,038 - ERROR - Error: player1 hand is ineligible to gon.
2024-10-26 17:01:50,038 - ERROR - Error: player1 hand is ineligible to pon.
2024-10-26 17:01:59,637 - ERROR - Error: player1 hand is ineligible to gon.
2024-10-26 17:01:59,638 - ERROR - Error: player1 hand is ineligible to pon.
2024-10-26 17:07:54,660 - ERROR - Error: player1 hand is ineligible to gon.
2024-10-26 17:07:54,661 - ERROR - Error: player1 hand is ineligible to pon.
2024-10-26 17:08:19,392 - ERROR - Error: player1 hand is ineligible to gon.
2024-10-26 17:08:19,393 - ERROR - Error: player1 hand is ineligible to pon.
2024-10-26 17:08:27,416 - ERROR - Error: player1 is ineligible to eat.
2024-10-26 17:08:27,417 - ERROR - Error: player1 hand is ineligible to gon.
2024-10-26 17:08:27,418 - ERROR - Error: player1 hand is ineligible to pon.
2024-10-26 17:08:49,742 - ERROR - Error: player1 hand is ineligible to gon.
2024-10-26 17:08:49,743 - ERROR - Error: player1 hand is ineligible to pon.
2024-10-26 17:10:09,971 - ERROR - Error: player1 is ineligible to eat.
2024-10-26 17:10:09,972 - ERROR - Error: player1 hand is ineligible to gon.
2024-10-26 17:10:09,972 - ERROR - Error: player1 hand is ineligible to pon.
2024-10-26 17:10:15,775 - ERROR - Error: player1 hand is ineligible to gon.
2024-10-26 17:10:15,776 - ERROR - Error: player1 hand is ineligible to pon.
2024-10-26 17:10:24,334 - ERROR - Error: player1 is ineligible to eat.
2024-10-26 17:10:24,335 - ERROR - Error: player1 hand is ineligible to gon.
2024-10-26 17:10:24,335 - ERROR - Error: player1 hand is ineligible to pon.
